c:\users\robert - tavi\desktop\techchallenge\sistemeoperare\lastcourse\test-take2\client\debug\vc140.pdb
c:\users\robert - tavi\desktop\techchallenge\sistemeoperare\lastcourse\test-take2\client\debug\vc140.idb
c:\users\robert - tavi\desktop\techchallenge\sistemeoperare\lastcourse\test-take2\client\debug\client.obj
c:\users\robert - tavi\desktop\techchallenge\sistemeoperare\lastcourse\test-take2-fin\client\debug\vc140.pdb
c:\users\robert - tavi\desktop\techchallenge\sistemeoperare\lastcourse\test-take2-fin\client\debug\vc140.idb
c:\users\robert - tavi\desktop\techchallenge\sistemeoperare\lastcourse\test-take2-fin\client\debug\client.obj
c:\users\robert - tavi\desktop\techchallenge\sistemeoperare\lastcourse\test-take2-fin -duplextooutbound\client\debug\vc140.pdb
c:\users\robert - tavi\desktop\techchallenge\sistemeoperare\lastcourse\test-take2-fin -duplextooutbound\client\debug\vc140.idb
c:\users\robert - tavi\desktop\techchallenge\sistemeoperare\lastcourse\test-take2-fin -duplextooutbound\client\debug\client.obj
c:\users\robert - tavi\desktop\techchallenge\sistemeoperare\lastcourse\test-take2\debug\client.ilk
c:\users\robert - tavi\desktop\techchallenge\sistemeoperare\lastcourse\test-take2\debug\client.exe
c:\users\robert - tavi\desktop\techchallenge\sistemeoperare\lastcourse\test-take2\debug\client.pdb
c:\users\robert - tavi\desktop\techchallenge\sistemeoperare\lastcourse\test-take2-fin\debug\client.ilk
c:\users\robert - tavi\desktop\techchallenge\sistemeoperare\lastcourse\test-take2-fin\debug\client.exe
c:\users\robert - tavi\desktop\techchallenge\sistemeoperare\lastcourse\test-take2-fin\debug\client.pdb
c:\users\robert - tavi\desktop\techchallenge\sistemeoperare\lastcourse\test-take2-fin -duplextooutbound\debug\client.ilk
c:\users\robert - tavi\desktop\techchallenge\sistemeoperare\lastcourse\test-take2-fin -duplextooutbound\debug\client.exe
c:\users\robert - tavi\desktop\techchallenge\sistemeoperare\lastcourse\test-take2-fin -duplextooutbound\debug\client.pdb
c:\users\robert - tavi\desktop\techchallenge\sistemeoperare\lastcourse\test-take2-fin -duplextooutbound\client\debug\client.tlog\cl.command.1.tlog
c:\users\robert - tavi\desktop\techchallenge\sistemeoperare\lastcourse\test-take2-fin -duplextooutbound\client\debug\client.tlog\cl.read.1.tlog
c:\users\robert - tavi\desktop\techchallenge\sistemeoperare\lastcourse\test-take2-fin -duplextooutbound\client\debug\client.tlog\cl.write.1.tlog
c:\users\robert - tavi\desktop\techchallenge\sistemeoperare\lastcourse\test-take2-fin -duplextooutbound\client\debug\client.tlog\link.command.1.tlog
c:\users\robert - tavi\desktop\techchallenge\sistemeoperare\lastcourse\test-take2-fin -duplextooutbound\client\debug\client.tlog\link.read.1.tlog
c:\users\robert - tavi\desktop\techchallenge\sistemeoperare\lastcourse\test-take2-fin -duplextooutbound\client\debug\client.tlog\link.write.1.tlog
